<?xml version="1.0" encoding="UTF-8"?>
<!-- Generated by org.testng.reporters.JUnitReportReporter -->
<testsuite name="com.Qfix_Payment.com.Qfix_Payment.Payment" tests="1" time="13.518" ignored="0" failures="0" timestamp="15 Jun 2020 08:23:13 GMT" skipped="0" hostname="LAPTOP-DFDQN7BU" errors="0">
  <testcase name="A_Login" time="13.518" classname="com.Qfix_Payment.com.Qfix_Payment.Payment"/>
</testsuite> <!-- com.Qfix_Payment.com.Qfix_Payment.Payment -->
